<?xml version="1.0" encoding="UTF-8"?>
<testng-results ignored="0" total="1" passed="1" failed="0" skipped="0">
  <reporter-output>
  </reporter-output>
  <suite started-at="2024-07-15T10:21:28 IST" name="Default suite" finished-at="2024-07-15T10:22:24 IST" duration-ms="55965">
    <groups>
    </groups>
    <test started-at="2024-07-15T10:21:28 IST" name="Default test" finished-at="2024-07-15T10:22:24 IST" duration-ms="55965">
      <class name="test.pkg.ProjectTestPackage">
        <test-method is-config="true" signature="setUp()[pri:0, instance:test.pkg.ProjectTestPackage@25ce9dc4]" started-at="2024-07-15T10:21:28 IST" name="setUp" finished-at="2024-07-15T10:21:35 IST" duration-ms="6770" status="PASS">
          <reporter-output>
          </reporter-output>
        </test-method> <!-- setUp -->
        <test-method signature="verifyLoginWithValidCred()[pri:0, instance:test.pkg.ProjectTestPackage@25ce9dc4]" started-at="2024-07-15T10:21:35 IST" name="verifyLoginWithValidCred" finished-at="2024-07-15T10:22:24 IST" duration-ms="49141" status="PASS">
          <reporter-output>
          </reporter-output>
        </test-method> <!-- verifyLoginWithValidCred -->
        <test-method is-config="true" signature="postCondition()[pri:0, instance:test.pkg.ProjectTestPackage@25ce9dc4]" started-at="2024-07-15T10:22:24 IST" name="postCondition" finished-at="2024-07-15T10:22:24 IST" duration-ms="0" status="PASS">
          <reporter-output>
          </reporter-output>
        </test-method> <!-- postCondition -->
      </class> <!-- test.pkg.ProjectTestPackage -->
    </test> <!-- Default test -->
  </suite> <!-- Default suite -->
</testng-results>
